[0m00:50:55.458281 [debug] [MainThread]: Sending event: {'category': 'dbt', 'action': 'invocation', 'label': 'start', 'context': [<snowplow_tracker.self_describing_json.SelfDescribingJson object at 0x73c42b8ed050>, <snowplow_tracker.self_describing_json.SelfDescribingJson object at 0x73c42b865b50>, <snowplow_tracker.self_describing_json.SelfDescribingJson object at 0x73c42b53d3d0>]}


============================== 00:50:55.460829 | dcdaeeb6-e9ce-4a5e-9ab4-2ea11f8f5e82 ==============================
[0m00:50:55.460829 [info ] [MainThread]: Running with dbt=1.8.6
[0m00:50:55.461401 [debug] [MainThread]: running dbt with arguments {'printer_width': '80', 'indirect_selection': 'eager', 'log_cache_events': 'False', 'write_json': 'True', 'partial_parse': 'True', 'cache_selected_only': 'False', 'warn_error': 'None', 'fail_fast': 'False', 'debug': 'False', 'log_path': 'logs', 'version_check': 'True', 'profiles_dir': '.', 'use_colors': 'True', 'use_experimental_parser': 'False', 'empty': 'None', 'quiet': 'False', 'no_print': 'None', 'log_format': 'default', 'static_parser': 'True', 'introspect': 'True', 'invocation_command': 'dbt debug --profiles-dir .', 'target_path': 'None', 'warn_error_options': 'WarnErrorOptions(include=[], exclude=[])', 'send_anonymous_usage_stats': 'True'}
[0m00:50:55.470473 [info ] [MainThread]: dbt version: 1.8.6
[0m00:50:55.470811 [info ] [MainThread]: python version: 3.11.6
[0m00:50:55.471114 [info ] [MainThread]: python path: /home/pengg3/work/clinical-data-management-snowflake-dbt/.venv/bin/python3
[0m00:50:55.471327 [info ] [MainThread]: os info: Linux-6.8.0-86-generic-x86_64-with-glibc2.35
[0m00:50:55.474798 [error] [MainThread]: Encountered an error:
Parsing Error
  Env var required but not provided: 'SNOWFLAKE_ACCOUNT'
[0m00:50:55.475327 [debug] [MainThread]: Resource report: {"command_name": "debug", "command_wall_clock_time": 0.050207205, "process_user_time": 3.087206, "process_kernel_time": 0.12089, "process_mem_max_rss": "117844", "process_out_blocks": "96", "command_success": false, "process_in_blocks": "0"}
[0m00:50:55.475650 [debug] [MainThread]: Command `dbt debug` failed at 00:50:55.475592 after 0.05 seconds
[0m00:50:55.475915 [debug] [MainThread]: Sending event: {'category': 'dbt', 'action': 'invocation', 'label': 'end', 'context': [<snowplow_tracker.self_describing_json.SelfDescribingJson object at 0x73c43011f2d0>, <snowplow_tracker.self_describing_json.SelfDescribingJson object at 0x73c42b5a75d0>, <snowplow_tracker.self_describing_json.SelfDescribingJson object at 0x73c430193690>]}
[0m00:50:55.476197 [debug] [MainThread]: Flushing usage events
[0m00:50:55.922041 [debug] [MainThread]: Error sending anonymous usage statistics. Disabling tracking for this execution. If you wish to permanently disable tracking, see: https://docs.getdbt.com/reference/global-configs#send-anonymous-usage-stats.
[0m00:56:31.686378 [debug] [MainThread]: Sending event: {'category': 'dbt', 'action': 'invocation', 'label': 'start', 'context': [<snowplow_tracker.self_describing_json.SelfDescribingJson object at 0x71e35438e390>, <snowplow_tracker.self_describing_json.SelfDescribingJson object at 0x71e35438f790>, <snowplow_tracker.self_describing_json.SelfDescribingJson object at 0x71e35438f450>]}


============================== 00:56:31.688459 | a5438de5-d0e6-40bf-ace3-acd31b66dd8f ==============================
[0m00:56:31.688459 [info ] [MainThread]: Running with dbt=1.8.6
[0m00:56:31.688813 [debug] [MainThread]: running dbt with arguments {'printer_width': '80', 'indirect_selection': 'eager', 'write_json': 'True', 'log_cache_events': 'False', 'partial_parse': 'True', 'cache_selected_only': 'False', 'profiles_dir': '.', 'fail_fast': 'False', 'version_check': 'True', 'log_path': 'logs', 'debug': 'False', 'warn_error': 'None', 'use_colors': 'True', 'use_experimental_parser': 'False', 'no_print': 'None', 'quiet': 'False', 'empty': 'None', 'warn_error_options': 'WarnErrorOptions(include=[], exclude=[])', 'invocation_command': 'dbt debug --profiles-dir .', 'static_parser': 'True', 'log_format': 'default', 'target_path': 'None', 'introspect': 'True', 'send_anonymous_usage_stats': 'True'}
[0m00:56:31.692855 [info ] [MainThread]: dbt version: 1.8.6
[0m00:56:31.693150 [info ] [MainThread]: python version: 3.11.6
[0m00:56:31.693378 [info ] [MainThread]: python path: /home/pengg3/work/clinical-data-management-snowflake-dbt/.venv/bin/python3
[0m00:56:31.693584 [info ] [MainThread]: os info: Linux-6.8.0-86-generic-x86_64-with-glibc2.35
[0m00:56:31.696279 [error] [MainThread]: Encountered an error:
Parsing Error
  Env var required but not provided: 'SNOWFLAKE_ACCOUNT'
[0m00:56:31.696716 [debug] [MainThread]: Resource report: {"command_name": "debug", "command_wall_clock_time": 0.04366539, "process_user_time": 1.340927, "process_kernel_time": 0.075826, "process_mem_max_rss": "117248", "process_out_blocks": "16", "command_success": false, "process_in_blocks": "0"}
[0m00:56:31.697008 [debug] [MainThread]: Command `dbt debug` failed at 00:56:31.696955 after 0.04 seconds
[0m00:56:31.697262 [debug] [MainThread]: Sending event: {'category': 'dbt', 'action': 'invocation', 'label': 'end', 'context': [<snowplow_tracker.self_describing_json.SelfDescribingJson object at 0x71e358f1f2d0>, <snowplow_tracker.self_describing_json.SelfDescribingJson object at 0x71e35438fb10>, <snowplow_tracker.self_describing_json.SelfDescribingJson object at 0x71e3543bb690>]}
[0m00:56:31.697529 [debug] [MainThread]: Flushing usage events
[0m00:56:32.104769 [debug] [MainThread]: Error sending anonymous usage statistics. Disabling tracking for this execution. If you wish to permanently disable tracking, see: https://docs.getdbt.com/reference/global-configs#send-anonymous-usage-stats.
[0m00:58:47.899015 [debug] [MainThread]: Sending event: {'category': 'dbt', 'action': 'invocation', 'label': 'start', 'context': [<snowplow_tracker.self_describing_json.SelfDescribingJson object at 0x711cceba99d0>, <snowplow_tracker.self_describing_json.SelfDescribingJson object at 0x711cceba9050>, <snowplow_tracker.self_describing_json.SelfDescribingJson object at 0x711cceba9a50>]}


============================== 00:58:47.901603 | 963495b9-e66e-46b5-9bb5-60349d97c2fc ==============================
[0m00:58:47.901603 [info ] [MainThread]: Running with dbt=1.8.6
[0m00:58:47.902187 [debug] [MainThread]: running dbt with arguments {'printer_width': '80', 'indirect_selection': 'eager', 'write_json': 'True', 'log_cache_events': 'False', 'partial_parse': 'True', 'cache_selected_only': 'False', 'profiles_dir': '.', 'debug': 'False', 'version_check': 'True', 'log_path': 'logs', 'warn_error': 'None', 'fail_fast': 'False', 'use_colors': 'True', 'use_experimental_parser': 'False', 'no_print': 'None', 'quiet': 'False', 'empty': 'None', 'warn_error_options': 'WarnErrorOptions(include=[], exclude=[])', 'static_parser': 'True', 'introspect': 'True', 'invocation_command': 'dbt debug --profiles-dir .', 'target_path': 'None', 'log_format': 'default', 'send_anonymous_usage_stats': 'True'}
[0m00:58:47.909040 [info ] [MainThread]: dbt version: 1.8.6
[0m00:58:47.909434 [info ] [MainThread]: python version: 3.11.6
[0m00:58:47.909675 [info ] [MainThread]: python path: /home/pengg3/work/clinical-data-management-snowflake-dbt/.venv/bin/python3
[0m00:58:47.909905 [info ] [MainThread]: os info: Linux-6.8.0-86-generic-x86_64-with-glibc2.35
[0m00:58:47.914688 [error] [MainThread]: Encountered an error:
Parsing Error
  Env var required but not provided: 'SNOWFLAKE_OAUTH_TOKEN'
[0m00:58:47.915125 [debug] [MainThread]: Resource report: {"command_name": "debug", "command_wall_clock_time": 0.048355673, "process_user_time": 1.361101, "process_kernel_time": 0.072005, "process_mem_max_rss": "117100", "process_out_blocks": "8", "command_success": false, "process_in_blocks": "0"}
[0m00:58:47.915408 [debug] [MainThread]: Command `dbt debug` failed at 00:58:47.915358 after 0.05 seconds
[0m00:58:47.915646 [debug] [MainThread]: Sending event: {'category': 'dbt', 'action': 'invocation', 'label': 'end', 'context': [<snowplow_tracker.self_describing_json.SelfDescribingJson object at 0x711cd371f750>, <snowplow_tracker.self_describing_json.SelfDescribingJson object at 0x711ccebcfdd0>, <snowplow_tracker.self_describing_json.SelfDescribingJson object at 0x711ccea5b4d0>]}
[0m00:58:47.915908 [debug] [MainThread]: Flushing usage events
[0m00:58:48.273643 [debug] [MainThread]: Error sending anonymous usage statistics. Disabling tracking for this execution. If you wish to permanently disable tracking, see: https://docs.getdbt.com/reference/global-configs#send-anonymous-usage-stats.
